# JRE version: OpenJDK Runtime Environment Microsoft-12574423 (17.0.17+10) (build 17.0.17+10-LTS)
# Java VM: OpenJDK 64-Bit Server VM Microsoft-12574423 (17.0.17+10-LTS, mixed mode, sharing, tiered, compressed oops, compressed class ptrs, g1 gc, windows-amd64)
GC Precious Log:
 CPUs: 8 total, 8 available
 Memory: 8029M
 Large Page Support: Disabled
 NUMA Support: Disabled
 Compressed Oops: Enabled (32-bit)
 Heap Region Size: 1M
 Heap Min Capacity: 8M
 Heap Initial Capacity: 126M
 Heap Max Capacity: 2G
 Pre-touch: Disabled
 Parallel Workers: 8
 Concurrent Workers: 2
 Concurrent Refinement Workers: 8
 Periodic GC: Disabled
Heap:
 garbage-first heap   total 440320K, used 358269K [0x0000000080000000, 0x0000000100000000)
  region size 1024K, 24 young (24576K), 5 survivors (5120K)
 Metaspace       used 134837K, committed 136768K, reserved 557056K
  class space    used 18120K, committed 19008K, reserved 425984K
GC Heap History (20 events):
Event: 64.561 GC heap before
{Heap before GC invocations=98 (full 0):
 garbage-first heap   total 440320K, used 384734K [0x0000000080000000, 0x0000000100000000)
  region size 1024K, 100 young (102400K), 11 survivors (11264K)
 Metaspace       used 128326K, committed 130240K, reserved 557056K
  class space    used 17457K, committed 18368K, reserved 425984K
}
Event: 64.585 GC heap after
{Heap after GC invocations=99 (full 0):
 garbage-first heap   total 440320K, used 309582K [0x0000000080000000, 0x0000000100000000)
  region size 1024K, 13 young (13312K), 13 survivors (13312K)
 Metaspace       used 128326K, committed 130240K, reserved 557056K
  class space    used 17457K, committed 18368K, reserved 425984K
}
Event: 65.642 GC heap before
{Heap before GC invocations=99 (full 0):
 garbage-first heap   total 440320K, used 395598K [0x0000000080000000, 0x0000000100000000)
  region size 1024K, 70 young (71680K), 13 survivors (13312K)
 Metaspace       used 128824K, committed 130752K, reserved 557056K
  class space    used 17510K, committed 18432K, reserved 425984K
}
Event: 65.657 GC heap after
{Heap after GC invocations=100 (full 0):
 garbage-first heap   total 440320K, used 318722K [0x0000000080000000, 0x0000000100000000)
  region size 1024K, 7 young (7168K), 7 survivors (7168K)
 Metaspace       used 128824K, committed 130752K, reserved 557056K
  class space    used 17510K, committed 18432K, reserved 425984K
}
Event: 66.202 GC heap before
{Heap before GC invocations=100 (full 0):
 garbage-first heap   total 440320K, used 371970K [0x0000000080000000, 0x0000000100000000)
  region size 1024K, 60 young (61440K), 7 survivors (7168K)
 Metaspace       used 131812K, committed 133696K, reserved 557056K
  class space    used 17791K, committed 18688K, reserved 425984K
}
Event: 66.210 GC heap after
{Heap after GC invocations=101 (full 0):
 garbage-first heap   total 440320K, used 325559K [0x0000000080000000, 0x0000000100000000)
  region size 1024K, 7 young (7168K), 7 survivors (7168K)
 Metaspace       used 131812K, committed 133696K, reserved 557056K
  class space    used 17791K, committed 18688K, reserved 425984K
}
Event: 66.640 GC heap before
{Heap before GC invocations=101 (full 0):
 garbage-first heap   total 440320K, used 374711K [0x0000000080000000, 0x0000000100000000)
  region size 1024K, 56 young (57344K), 7 survivors (7168K)
 Metaspace       used 132244K, committed 134144K, reserved 557056K
  class space    used 17829K, committed 18752K, reserved 425984K
}
Event: 66.644 GC heap after
{Heap after GC invocations=102 (full 0):
 garbage-first heap   total 440320K, used 324736K [0x0000000080000000, 0x0000000100000000)
  region size 1024K, 2 young (2048K), 2 survivors (2048K)
 Metaspace       used 132244K, committed 134144K, reserved 557056K
  class space    used 17829K, committed 18752K, reserved 425984K
}
Event: 67.244 GC heap before
{Heap before GC invocations=102 (full 0):
 garbage-first heap   total 440320K, used 376960K [0x0000000080000000, 0x0000000100000000)
  region size 1024K, 54 young (55296K), 2 survivors (2048K)
 Metaspace       used 133025K, committed 134976K, reserved 557056K
  class space    used 17921K, committed 18816K, reserved 425984K
}
Event: 67.249 GC heap after
{Heap after GC invocations=103 (full 0):
 garbage-first heap   total 440320K, used 328307K [0x0000000080000000, 0x0000000100000000)
  region size 1024K, 6 young (6144K), 6 survivors (6144K)
 Metaspace       used 133025K, committed 134976K, reserved 557056K
  class space    used 17921K, committed 18816K, reserved 425984K
}
Event: 67.900 GC heap before
{Heap before GC invocations=103 (full 0):
 garbage-first heap   total 440320K, used 378483K [0x0000000080000000, 0x0000000100000000)
  region size 1024K, 56 young (57344K), 6 survivors (6144K)
 Metaspace       used 133231K, committed 135168K, reserved 557056K
  class space    used 17935K, committed 18816K, reserved 425984K
}
Event: 67.908 GC heap after
{Heap after GC invocations=104 (full 0):
 garbage-first heap   total 440320K, used 331998K [0x0000000080000000, 0x0000000100000000)
  region size 1024K, 6 young (6144K), 6 survivors (6144K)
 Metaspace       used 133231K, committed 135168K, reserved 557056K
  class space    used 17935K, committed 18816K, reserved 425984K
}
Event: 68.585 GC heap before
{Heap before GC invocations=104 (full 0):
 garbage-first heap   total 440320K, used 380126K [0x0000000080000000, 0x0000000100000000)
  region size 1024K, 54 young (55296K), 6 survivors (6144K)
 Metaspace       used 133668K, committed 135616K, reserved 557056K
  class space    used 17984K, committed 18880K, reserved 425984K
}
Event: 68.593 GC heap after
{Heap after GC invocations=105 (full 0):
 garbage-first heap   total 440320K, used 337733K [0x0000000080000000, 0x0000000100000000)
  region size 1024K, 7 young (7168K), 7 survivors (7168K)
 Metaspace       used 133668K, committed 135616K, reserved 557056K
  class space    used 17984K, committed 18880K, reserved 425984K
}
Event: 71.254 GC heap before
{Heap before GC invocations=105 (full 0):
 garbage-first heap   total 440320K, used 378693K [0x0000000080000000, 0x0000000100000000)
  region size 1024K, 48 young (49152K), 7 survivors (7168K)
 Metaspace       used 133926K, committed 135936K, reserved 557056K
  class space    used 18002K, committed 18944K, reserved 425984K
}
Event: 71.260 GC heap after
{Heap after GC invocations=106 (full 0):
 garbage-first heap   total 440320K, used 336531K [0x0000000080000000, 0x0000000100000000)
  region size 1024K, 3 young (3072K), 3 survivors (3072K)
 Metaspace       used 133926K, committed 135936K, reserved 557056K
  class space    used 18002K, committed 18944K, reserved 425984K
}
Event: 75.005 GC heap before
{Heap before GC invocations=106 (full 0):
 garbage-first heap   total 440320K, used 381587K [0x0000000080000000, 0x0000000100000000)
  region size 1024K, 48 young (49152K), 3 survivors (3072K)
 Metaspace       used 134008K, committed 136000K, reserved 557056K
  class space    used 18010K, committed 18944K, reserved 425984K
}
Event: 75.011 GC heap after
{Heap after GC invocations=107 (full 0):
 garbage-first heap   total 440320K, used 339288K [0x0000000080000000, 0x0000000100000000)
  region size 1024K, 6 young (6144K), 6 survivors (6144K)
 Metaspace       used 134008K, committed 136000K, reserved 557056K
  class space    used 18010K, committed 18944K, reserved 425984K
}
Event: 75.355 GC heap before
{Heap before GC invocations=107 (full 0):
 garbage-first heap   total 440320K, used 382296K [0x0000000080000000, 0x0000000100000000)
  region size 1024K, 49 young (50176K), 6 survivors (6144K)
 Metaspace       used 134114K, committed 136064K, reserved 557056K
  class space    used 18018K, committed 18944K, reserved 425984K
}
Event: 75.361 GC heap after
{Heap after GC invocations=108 (full 0):
 garbage-first heap   total 440320K, used 340861K [0x0000000080000000, 0x0000000100000000)
  region size 1024K, 5 young (5120K), 5 survivors (5120K)
 Metaspace       used 134114K, committed 136064K, reserved 557056K
  class space    used 18018K, committed 18944K, reserved 425984K
}

